<?xml version="1.0" encoding="UTF-8"?>
<!-- Generated by org.testng.reporters.JUnitReportReporter -->
<testsuite hostname="4B2SDIC1DNCWGUX" name="com.example.cases.Login" tests="5" failures="0" timestamp="20 Feb 2017 03:28:47 GMT" time="179.439" errors="0">
  <testcase name="loginChinese" time="38.552" classname="com.example.cases.Login"/>
  <testcase name="loginEmpty" time="32.087" classname="com.example.cases.Login"/>
  <testcase name="loginErrorUser" time="47.850" classname="com.example.cases.Login"/>
  <testcase name="loginErrorNum" time="38.725" classname="com.example.cases.Login"/>
  <testcase name="loginConfim" time="22.225" classname="com.example.cases.Login"/>
</testsuite> <!-- com.example.cases.Login -->
