<?xml version="1.0" encoding="UTF-8"?>
<!-- Generated by org.testng.reporters.JUnitReportReporter -->
<testsuite hostname="4B2SDIC1DNCWGUX" name="com.example.cases.ModifyPersonData" tests="3" failures="0" timestamp="20 Feb 2017 14:19:32 GMT" time="23.807" errors="1">
  <testcase name="testChangeAvatar" time="11.747" classname="com.example.cases.ModifyPersonData">
    <error type="java.lang.Throwable">
      <![CDATA[java.lang.Throwable
	at 
报错信息: 验证图库选择修改头像 expected [true] but found [false].
报错方法名:testChangeAvatar(
报错类:ModifyPersonData
报错行号:64)
	at com.example.cases.ModifyPersonData.testChangeAvatar(ModifyPersonData.java:64)
]]>
    </error>
  </testcase> <!-- testChangeAvatar -->
  <testcase name="testIntoPersonPage" time="2.946" classname="com.example.cases.ModifyPersonData"/>
  <testcase name="Login" time="9.114" classname="com.example.cases.ModifyPersonData"/>
</testsuite> <!-- com.example.cases.ModifyPersonData -->
